#
# There is insufficient memory for the Java Runtime Environment to continue.
# Native memory allocation (malloc) failed to allocate 1476176 bytes. Error detail: Chunk::new
# Possible reasons:
#   The system is out of physical RAM or swap space
#   This process is running with CompressedOops enabled, and the Java Heap may be blocking the growth of the native heap
# Possible solutions:
#   Reduce memory load on the system
#   Increase physical memory or swap space
#   Check if swap backing store is full
#   Decrease Java heap size (-Xmx/-Xms)
#   Decrease number of Java threads
#   Decrease Java thread stack sizes (-Xss)
#   Set larger code cache with -XX:ReservedCodeCacheSize=
#   JVM is running with Unscaled Compressed Oops mode in which the Java heap is
#     placed in the first 4GB address space. The Java Heap base address is the
#     maximum limit for the native heap growth. Please use -XX:HeapBaseMinAddress
#     to set the Java Heap base and to place the Java Heap above 4GB virtual address.
# This output file may be truncated or incomplete.
#
#  Out of Memory Error (arena.cpp:168), pid=26644, tid=22396
#
# JRE version: OpenJDK Runtime Environment Temurin-21.0.10+7 (21.0.10+7) (build 21.0.10+7-LTS)
# Java VM: OpenJDK 64-Bit Server VM Temurin-21.0.10+7 (21.0.10+7-LTS, mixed mode, sharing, tiered, compressed oops, compressed class ptrs, parallel gc, windows-amd64)
# No core dump will be written. Minidumps are not enabled by default on client versions of Windows
#

---------------  S U M M A R Y ------------

Command Line: --add-modules=ALL-SYSTEM --add-opens=java.base/java.util=ALL-UNNAMED --add-opens=java.base/java.lang=ALL-UNNAMED --add-opens=java.base/sun.nio.fs=ALL-UNNAMED -Declipse.application=org.eclipse.jdt.ls.core.id1 -Dosgi.bundles.defaultStartLevel=4 -Declipse.product=org.eclipse.jdt.ls.core.product -Djava.import.generatesMetadataFilesAtProjectRoot=false -DDetectVMInstallationsJob.disabled=true -Dfile.encoding=utf8 -XX:+UseParallelGC -XX:GCTimeRatio=4 -XX:AdaptiveSizePolicyWeight=90 -Dsun.zip.disableMemoryMapping=true -Xmx2G -Xms100m -Xlog:disable -javaagent:c:\Users\singh\.vscode\extensions\redhat.java-1.53.0-win32-x64\lombok\lombok-1.18.39-4050.jar c:\Users\singh\.vscode\extensions\redhat.java-1.53.0-win32-x64\server\plugins\org.eclipse.equinox.launcher_1.7.100.v20251111-0406.jar -configuration c:\Users\singh\AppData\Roaming\Code\User\globalStorage\redhat.java\1.53.0\config_ss_win -data c:\Users\singh\AppData\Roaming\Code\User\workspaceStorage\a64002bac3565aca85a1f659bf064926\redhat.java\ss_ws --pipe=\\.\pipe\lsp-865878b20fa9802e8258df778086b2da-sock

Host: AMD Ryzen 5 5500U with Radeon Graphics         , 12 cores, 7G,  Windows 11 , 64 bit Build 26100 (10.0.26100.7920)
Time: Tue Mar 10 11:08:11 2026 India Standard Time elapsed time: 13.008537 seconds (0d 0h 0m 13s)

---------------  T H R E A D  ---------------

Current thread (0x000001bb7eef53b0):  JavaThread "C2 CompilerThread1" daemon [_thread_in_native, id=22396, stack(0x00000060c8400000,0x00000060c8500000) (1024K)]


Current CompileTask:
C2:13008 3329       4       java.lang.invoke.MethodType::methodType (69 bytes)

Stack: [0x00000060c8400000,0x00000060c8500000]
Native frames: (J=compiled Java code, j=interpreted, Vv=VM code, C=native code)
V  [jvm.dll+0x6d7a39]
V  [jvm.dll+0x8b4b26]
V  [jvm.dll+0x8b70de]
V  [jvm.dll+0x8b77c3]
V  [jvm.dll+0x284346]
V  [jvm.dll+0xc66ed]
V  [jvm.dll+0xc6c31]
V  [jvm.dll+0x3bec01]
V  [jvm.dll+0x38b162]
V  [jvm.dll+0x38a5aa]
V  [jvm.dll+0x24c560]
V  [jvm.dll+0x24bb40]
V  [jvm.dll+0x1cb34e]
V  [jvm.dll+0x25b85d]
V  [jvm.dll+0x259dea]
V  [jvm.dll+0x3f857e]
V  [jvm.dll+0x85f59d]
V  [jvm.dll+0x6d626d]
C  [ucrtbase.dll+0x37b0]
C  [KERNEL32.DLL+0x2e8d7]
C  [ntdll.dll+0x8c48c]


---------------  P R O C E S S  ---------------

Threads class SMR info:
_java_thread_list=0x000001bb7ed7d8f0, length=37, elements={
0x000001bb64e3d750, 0x000001bb64dee730, 0x000001bb64ee3ce0, 0x000001bb64ee74a0,
0x000001bb64eec410, 0x000001bb64eecf10, 0x000001bb64ef9820, 0x000001bb64efe730,
0x000001bb7cb7b550, 0x000001bb64efabd0, 0x000001bb64efa540, 0x000001bb64efb260,
0x000001bb64efcca0, 0x000001bb64ef9eb0, 0x000001bb64efb8f0, 0x000001bb64efc610,
0x000001bb7e6677c0, 0x000001bb7e667e50, 0x000001bb7e666410, 0x000001bb7e666aa0,
0x000001bb7e6656f0, 0x000001bb7e6684e0, 0x000001bb7e667130, 0x000001bb7e665060,
0x000001bb7e668b70, 0x000001bb7e669200, 0x000001bb7e665d80, 0x000001bb7e66b2d0,
0x000001bb7e669f20, 0x000001bb7e66bff0, 0x000001bb7e669890, 0x000001bb7e66a5b0,
0x000001bb7e66ac40, 0x000001bb7e66b960, 0x000001bb7e66c680, 0x000001bb453f0d60,
0x000001bb7eef53b0
}

Java Threads: ( => current thread )
  0x000001bb64e3d750 JavaThread "main"                              [_thread_blocked, id=24904, stack(0x00000060c5200000,0x00000060c5300000) (1024K)]
  0x000001bb64dee730 JavaThread "Reference Handler"          daemon [_thread_blocked, id=25020, stack(0x00000060c5600000,0x00000060c5700000) (1024K)]
  0x000001bb64ee3ce0 JavaThread "Finalizer"                  daemon [_thread_blocked, id=15572, stack(0x00000060c5700000,0x00000060c5800000) (1024K)]
  0x000001bb64ee74a0 JavaThread "Signal Dispatcher"          daemon [_thread_blocked, id=12628, stack(0x00000060c5800000,0x00000060c5900000) (1024K)]
  0x000001bb64eec410 JavaThread "Attach Listener"            daemon [_thread_blocked, id=26188, stack(0x00000060c5900000,0x00000060c5a00000) (1024K)]
  0x000001bb64eecf10 JavaThread "Service Thread"             daemon [_thread_blocked, id=25260, stack(0x00000060c5a00000,0x00000060c5b00000) (1024K)]
  0x000001bb64ef9820 JavaThread "Monitor Deflation Thread"   daemon [_thread_blocked, id=10388, stack(0x00000060c5b00000,0x00000060c5c00000) (1024K)]
  0x000001bb64efe730 JavaThread "C2 CompilerThread0"         daemon [_thread_blocked, id=15300, stack(0x00000060c5c00000,0x00000060c5d00000) (1024K)]
  0x000001bb7cb7b550 JavaThread "C1 CompilerThread0"         daemon [_thread_blocked, id=23732, stack(0x00000060c5d00000,0x00000060c5e00000) (1024K)]
  0x000001bb64efabd0 JavaThread "Common-Cleaner"             daemon [_thread_blocked, id=23412, stack(0x00000060c5e00000,0x00000060c5f00000) (1024K)]
  0x000001bb64efa540 JavaThread "Notification Thread"        daemon [_thread_blocked, id=22388, stack(0x00000060c5f00000,0x00000060c6000000) (1024K)]
  0x000001bb64efb260 JavaThread "Active Thread: Equinox Container: 48662b15-85df-4c21-b6d1-b8e72e7b2d06"        [_thread_blocked, id=10840, stack(0x00000060c6100000,0x00000060c6200000) (1024K)]
  0x000001bb64efcca0 JavaThread "Framework Event Dispatcher: Equinox Container: 48662b15-85df-4c21-b6d1-b8e72e7b2d06" daemon [_thread_blocked, id=13816, stack(0x00000060c6000000,0x00000060c6100000) (1024K)]
  0x000001bb64ef9eb0 JavaThread "Start Level: Equinox Container: 48662b15-85df-4c21-b6d1-b8e72e7b2d06" daemon [_thread_blocked, id=16532, stack(0x00000060c6800000,0x00000060c6900000) (1024K)]
  0x000001bb64efb8f0 JavaThread "SCR Component Actor"        daemon [_thread_blocked, id=27024, stack(0x00000060c6a00000,0x00000060c6b00000) (1024K)]
  0x000001bb64efc610 JavaThread "Worker-JM"                         [_thread_blocked, id=9940, stack(0x00000060c6b00000,0x00000060c6c00000) (1024K)]
  0x000001bb7e6677c0 JavaThread "Worker-0"                          [_thread_blocked, id=22240, stack(0x00000060c6f00000,0x00000060c7000000) (1024K)]
  0x000001bb7e667e50 JavaThread "Worker-1"                          [_thread_blocked, id=27108, stack(0x00000060c6e00000,0x00000060c6f00000) (1024K)]
  0x000001bb7e666410 JavaThread "JNA Cleaner"                daemon [_thread_blocked, id=24496, stack(0x00000060c7000000,0x00000060c7100000) (1024K)]
  0x000001bb7e666aa0 JavaThread "Thread-1"                   daemon [_thread_in_native, id=9892, stack(0x00000060c7400000,0x00000060c7500000) (1024K)]
  0x000001bb7e6656f0 JavaThread "Thread-2"                   daemon [_thread_in_native, id=21552, stack(0x00000060c7500000,0x00000060c7600000) (1024K)]
  0x000001bb7e6684e0 JavaThread "Thread-3"                   daemon [_thread_in_native, id=19412, stack(0x00000060c7600000,0x00000060c7700000) (1024K)]
  0x000001bb7e667130 JavaThread "Thread-4"                   daemon [_thread_in_native, id=18712, stack(0x00000060c7700000,0x00000060c7800000) (1024K)]
  0x000001bb7e665060 JavaThread "Thread-5"                   daemon [_thread_in_native, id=14316, stack(0x00000060c7800000,0x00000060c7900000) (1024K)]
  0x000001bb7e668b70 JavaThread "Thread-6"                   daemon [_thread_in_native, id=26144, stack(0x00000060c7900000,0x00000060c7a00000) (1024K)]
  0x000001bb7e669200 JavaThread "Thread-7"                   daemon [_thread_in_native, id=19404, stack(0x00000060c7a00000,0x00000060c7b00000) (1024K)]
  0x000001bb7e665d80 JavaThread "Thread-8"                   daemon [_thread_in_native, id=13688, stack(0x00000060c7b00000,0x00000060c7c00000) (1024K)]
  0x000001bb7e66b2d0 JavaThread "Thread-9"                   daemon [_thread_in_native, id=10140, stack(0x00000060c7c00000,0x00000060c7d00000) (1024K)]
  0x000001bb7e669f20 JavaThread "Thread-10"                  daemon [_thread_in_native, id=26844, stack(0x00000060c7d00000,0x00000060c7e00000) (1024K)]
  0x000001bb7e66bff0 JavaThread "Thread-11"                  daemon [_thread_in_native, id=14588, stack(0x00000060c7e00000,0x00000060c7f00000) (1024K)]
  0x000001bb7e669890 JavaThread "Thread-12"                  daemon [_thread_in_native, id=14096, stack(0x00000060c7f00000,0x00000060c8000000) (1024K)]
  0x000001bb7e66a5b0 JavaThread "Thread-13"                  daemon [_thread_in_native, id=5024, stack(0x00000060c8000000,0x00000060c8100000) (1024K)]
  0x000001bb7e66ac40 JavaThread "Worker-2"                          [_thread_blocked, id=4308, stack(0x00000060c8100000,0x00000060c8200000) (1024K)]
  0x000001bb7e66b960 JavaThread "pool-2-thread-1"                   [_thread_blocked, id=8220, stack(0x00000060c8200000,0x00000060c8300000) (1024K)]
  0x000001bb7e66c680 JavaThread "WorkspaceEventsHandler"            [_thread_blocked, id=22956, stack(0x00000060c7300000,0x00000060c7400000) (1024K)]
  0x000001bb453f0d60 JavaThread "pool-1-thread-1"                   [_thread_in_vm, id=26972, stack(0x00000060c8300000,0x00000060c8400000) (1024K)]
=>0x000001bb7eef53b0 JavaThread "C2 CompilerThread1"         daemon [_thread_in_native, id=22396, stack(0x00000060c8400000,0x00000060c8500000) (1024K)]
Total: 37

Other Threads:
  0x000001bb64dd4520 VMThread "VM Thread"                           [id=20192, stack(0x00000060c5500000,0x00000060c5600000) (1024K)]
  0x000001bb64ccba00 WatcherThread "VM Periodic Task Thread"        [id=26820, stack(0x00000060c5400000,0x00000060c5500000) (1024K)]
  0x000001bb64e5beb0 WorkerThread "GC Thread#0"                     [id=5272, stack(0x00000060c5300000,0x00000060c5400000) (1024K)]
  0x000001bb7e07ff90 WorkerThread "GC Thread#1"                     [id=26900, stack(0x00000060c6200000,0x00000060c6300000) (1024K)]
  0x000001bb7e042ae0 WorkerThread "GC Thread#2"                     [id=17900, stack(0x00000060c6300000,0x00000060c6400000) (1024K)]
  0x000001bb7e3108b0 WorkerThread "GC Thread#3"                     [id=17736, stack(0x00000060c6400000,0x00000060c6500000) (1024K)]
  0x000001bb7dbc1f40 WorkerThread "GC Thread#4"                     [id=6872, stack(0x00000060c6500000,0x00000060c6600000) (1024K)]
  0x000001bb7dbc22f0 WorkerThread "GC Thread#5"                     [id=24156, stack(0x00000060c6600000,0x00000060c6700000) (1024K)]
  0x000001bb7e2c6ad0 WorkerThread "GC Thread#6"                     [id=3832, stack(0x00000060c6700000,0x00000060c6800000) (1024K)]
  0x000001bb7e502f40 WorkerThread "GC Thread#7"                     [id=25084, stack(0x00000060c6900000,0x00000060c6a00000) (1024K)]
  0x000001bb7cc3bb90 WorkerThread "GC Thread#8"                     [id=14380, stack(0x00000060c6c00000,0x00000060c6d00000) (1024K)]
  0x000001bb7e67ccd0 WorkerThread "GC Thread#9"                     [id=25472, stack(0x00000060c6d00000,0x00000060c6e00000) (1024K)]
Total: 12

Threads with active compile tasks:
C2 CompilerThread0  13081 3409       4       java.util.regex.Matcher::search (154 bytes)
C2 CompilerThread1  13081 3329       4       java.lang.invoke.MethodType::methodType (69 bytes)
Total: 2

VM state: not at safepoint (normal execution)

VM Mutex/Monitor currently owned by a thread: None

Heap address: 0x0000000080000000, size: 2048 MB, Compressed Oops mode: 32-bit

CDS archive(s) mapped at: [0x000001bb00000000-0x000001bb00ba0000-0x000001bb00ba0000), size 12189696, SharedBaseAddress: 0x000001bb00000000, ArchiveRelocationMode: 1.
Compressed class space mapped at: 0x000001bb01000000-0x000001bb41000000, reserved size: 1073741824
Narrow klass base: 0x000001bb00000000, Narrow klass shift: 0, Narrow klass range: 0x100000000

GC Precious Log:
 CardTable entry size: 512
 CPUs: 12 total, 12 available
 Memory: 7528M
 Large Page Support: Disabled
 NUMA Support: Disabled
 Compressed Oops: Enabled (32-bit)
 Alignments: Space 512K, Generation 512K, Heap 2M
 Heap Min Capacity: 100M
 Heap Initial Capacity: 100M
 Heap Max Capacity: 2G
 Pre-touch: Disabled
 Parallel Workers: 10

Heap:
 PSYoungGen      total 27136K, used 5000K [0x00000000d5580000, 0x00000000d7400000, 0x0000000100000000)
  eden space 23552K, 7% used [0x00000000d5580000,0x00000000d57229c8,0x00000000d6c80000)
  from space 3584K, 92% used [0x00000000d7080000,0x00000000d73bf660,0x00000000d7400000)
  to   space 3584K, 0% used [0x00000000d6d00000,0x00000000d6d00000,0x00000000d7080000)
 ParOldGen       total 68608K, used 10343K [0x0000000080000000, 0x0000000084300000, 0x00000000d5580000)
  object space 68608K, 15% used [0x0000000080000000,0x0000000080a19df0,0x0000000084300000)
 Metaspace       used 28051K, committed 28864K, reserved 1114112K
  class space    used 2816K, committed 3200K, reserved 1048576K

Card table byte_map: [0x000001bb647e0000,0x000001bb64bf0000] _byte_map_base: 0x000001bb643e0000

Marking Bits: (ParMarkBitMap*) 0x00007ffe171c3450
 Begin Bits: [0x000001bb772f0000, 0x000001bb792f0000)
 End Bits:   [0x000001bb792f0000, 0x000001bb7b2f0000)

Polling page: 0x000001bb62e60000

Metaspace:

Usage:
  Non-class:     24.64 MB used.
      Class:      2.75 MB used.
       Both:     27.39 MB used.

Virtual space:
  Non-class space:       64.00 MB reserved,      25.06 MB ( 39%) committed,  1 nodes.
      Class space:        1.00 GB reserved,       3.12 MB ( <1%) committed,  1 nodes.
             Both:        1.06 GB reserved,      28.19 MB (  3%) committed. 

Chunk freelists:
   Non-Class:  6.22 MB
       Class:  12.92 MB
        Both:  19.14 MB

MaxMetaspaceSize: unlimited
CompressedClassSpaceSize: 1.00 GB
Initial GC threshold: 21.00 MB
Current GC threshold: 35.00 MB
CDS: on
 - commit_granule_bytes: 65536.
 - commit_granule_words: 8192.
 - virtual_space_node_default_size: 8388608.
 - enlarge_chunks_in_place: 1.
 - use_allocation_guard: 0.


Internal statistics:

num_allocs_failed_limit: 3.
num_arena_births: 522.
num_arena_deaths: 14.
num_vsnodes_births: 2.
num_vsnodes_deaths: 0.
num_space_committed: 451.
num_space_uncommitted: 0.
num_chunks_returned_to_freelist: 17.
num_chunks_taken_from_freelist: 1564.
num_chunk_merges: 6.
num_chunk_splits: 1029.
num_chunks_enlarged: 690.
num_inconsistent_stats: 0.

CodeHeap 'non-profiled nmethods': size=120000Kb used=1623Kb max_used=1623Kb free=118376Kb
 bounds [0x000001bb6fb10000, 0x000001bb6fd80000, 0x000001bb77040000]
CodeHeap 'profiled nmethods': size=120000Kb used=6772Kb max_used=6772Kb free=113227Kb
 bounds [0x000001bb68040000, 0x000001bb686e0000, 0x000001bb6f570000]
CodeHeap 'non-nmethods': size=5760Kb used=1340Kb max_used=1385Kb free=4419Kb
 bounds [0x000001bb6f570000, 0x000001bb6f7e0000, 0x000001bb6fb10000]
CodeCache: size=245760Kb, used=9735Kb, max_used=9780Kb, free=236022Kb
 total_blobs=4035, nmethods=3405, adapters=536, full_count=0
Compilation: enabled, stopped_count=0, restarted_count=0

Compilation events (20 events):
Event: 12.960 Thread 0x000001bb7cb7b550 nmethod 3400 0x000001bb686d8990 code [0x000001bb686d8b60, 0x000001bb686d8ee8]
Event: 12.960 Thread 0x000001bb7cb7b550 3402       3       java.lang.Boolean::toString (5 bytes)
Event: 12.961 Thread 0x000001bb7cb7b550 nmethod 3402 0x000001bb686d9110 code [0x000001bb686d92c0, 0x000001bb686d9480]
Event: 12.961 Thread 0x000001bb7cb7b550 3403       1       org.eclipse.text.templates.TemplatePersistenceData::getTemplate (5 bytes)
Event: 12.962 Thread 0x000001bb7cb7b550 nmethod 3403 0x000001bb6fca3f90 code [0x000001bb6fca4120, 0x000001bb6fca41e8]
Event: 12.964 Thread 0x000001bb64efe730 nmethod 3333 0x000001bb6fca4290 code [0x000001bb6fca4500, 0x000001bb6fca4a10]
Event: 12.965 Thread 0x000001bb64efe730 3401       4       jdk.internal.util.ArraysSupport::mismatch (73 bytes)
Event: 12.970 Thread 0x000001bb64efe730 nmethod 3401 0x000001bb6fca4e90 code [0x000001bb6fca5020, 0x000001bb6fca51f0]
Event: 12.970 Thread 0x000001bb64efe730 3404       4       java.lang.invoke.MethodHandle::isBuiltinLoader (24 bytes)
Event: 12.972 Thread 0x000001bb64efe730 nmethod 3404 0x000001bb6fca5390 code [0x000001bb6fca5520, 0x000001bb6fca55c8]
Event: 12.972 Thread 0x000001bb64efe730 3293       4       java.lang.ref.Cleaner$1::apply (9 bytes)
Event: 12.973 Thread 0x000001bb64efe730 nmethod 3293 0x000001bb6fca5690 code [0x000001bb6fca5820, 0x000001bb6fca58f0]
Event: 12.973 Thread 0x000001bb64efe730 3349       4       com.google.gson.internal.bind.JsonTreeReader::peekStack (12 bytes)
Event: 12.975 Thread 0x000001bb64efe730 nmethod 3349 0x000001bb6fca5a10 code [0x000001bb6fca5ba0, 0x000001bb6fca5c78]
Event: 12.982 Thread 0x000001bb7cb7b550 3405       3       org.eclipse.jdt.internal.core.JavaModelManager::getOptionLevel (30 bytes)
Event: 12.983 Thread 0x000001bb7cb7b550 nmethod 3405 0x000001bb686d9510 code [0x000001bb686d9700, 0x000001bb686d9b68]
Event: 12.983 Thread 0x000001bb7cb7b550 3406       3       org.eclipse.jdt.internal.core.JavaModelManager::storePreference (169 bytes)
Event: 12.985 Thread 0x000001bb7cb7b550 nmethod 3406 0x000001bb686d9d10 code [0x000001bb686d9fc0, 0x000001bb686dae98]
Event: 12.985 Thread 0x000001bb7cb7b550 3407   !   3       org.eclipse.core.internal.preferences.EclipsePreferences::remove (59 bytes)
Event: 12.987 Thread 0x000001bb7cb7b550 nmethod 3407 0x000001bb686db310 code [0x000001bb686db5a0, 0x000001bb686dc3a0]

GC Heap History (18 events):
Event: 2.045 GC heap before
{Heap before GC invocations=1 (full 0):
 PSYoungGen      total 29696K, used 25600K [0x00000000d5580000, 0x00000000d7680000, 0x0000000100000000)
  eden space 25600K, 100% used [0x00000000d5580000,0x00000000d6e80000,0x00000000d6e80000)
  from space 4096K, 0% used [0x00000000d7280000,0x00000000d7280000,0x00000000d7680000)
  to   space 4096K, 0% used [0x00000000d6e80000,0x00000000d6e80000,0x00000000d7280000)
 ParOldGen       total 68608K, used 0K [0x0000000080000000, 0x0000000084300000, 0x00000000d5580000)
  object space 68608K, 0% used [0x0000000080000000,0x0000000080000000,0x0000000084300000)
 Metaspace       used 4353K, committed 4608K, reserved 1114112K
  class space    used 474K, committed 576K, reserved 1048576K
}
Event: 2.062 GC heap after
{Heap after GC invocations=1 (full 0):
 PSYoungGen      total 29696K, used 3287K [0x00000000d5580000, 0x00000000d7680000, 0x0000000100000000)
  eden space 25600K, 0% used [0x00000000d5580000,0x00000000d5580000,0x00000000d6e80000)
  from space 4096K, 80% used [0x00000000d6e80000,0x00000000d71b5ea8,0x00000000d7280000)
  to   space 4096K, 0% used [0x00000000d7280000,0x00000000d7280000,0x00000000d7680000)
 ParOldGen       total 68608K, used 16K [0x0000000080000000, 0x0000000084300000, 0x00000000d5580000)
  object space 68608K, 0% used [0x0000000080000000,0x0000000080004000,0x0000000084300000)
 Metaspace       used 4353K, committed 4608K, reserved 1114112K
  class space    used 474K, committed 576K, reserved 1048576K
}
Event: 4.532 GC heap before
{Heap before GC invocations=2 (full 0):
 PSYoungGen      total 29696K, used 28887K [0x00000000d5580000, 0x00000000d7680000, 0x0000000100000000)
  eden space 25600K, 100% used [0x00000000d5580000,0x00000000d6e80000,0x00000000d6e80000)
  from space 4096K, 80% used [0x00000000d6e80000,0x00000000d71b5ea8,0x00000000d7280000)
  to   space 4096K, 0% used [0x00000000d7280000,0x00000000d7280000,0x00000000d7680000)
 ParOldGen       total 68608K, used 16K [0x0000000080000000, 0x0000000084300000, 0x00000000d5580000)
  object space 68608K, 0% used [0x0000000080000000,0x0000000080004000,0x0000000084300000)
 Metaspace       used 8190K, committed 8512K, reserved 1114112K
  class space    used 870K, committed 1024K, reserved 1048576K
}
Event: 4.544 GC heap after
{Heap after GC invocations=2 (full 0):
 PSYoungGen      total 29696K, used 4086K [0x00000000d5580000, 0x00000000d7680000, 0x0000000100000000)
  eden space 25600K, 0% used [0x00000000d5580000,0x00000000d5580000,0x00000000d6e80000)
  from space 4096K, 99% used [0x00000000d7280000,0x00000000d767d920,0x00000000d7680000)
  to   space 4096K, 0% used [0x00000000d6e80000,0x00000000d6e80000,0x00000000d7280000)
 ParOldGen       total 68608K, used 1161K [0x0000000080000000, 0x0000000084300000, 0x00000000d5580000)
  object space 68608K, 1% used [0x0000000080000000,0x0000000080122788,0x0000000084300000)
 Metaspace       used 8190K, committed 8512K, reserved 1114112K
  class space    used 870K, committed 1024K, reserved 1048576K
}
Event: 7.538 GC heap before
{Heap before GC invocations=3 (full 0):
 PSYoungGen      total 29696K, used 29686K [0x00000000d5580000, 0x00000000d7680000, 0x0000000100000000)
  eden space 25600K, 100% used [0x00000000d5580000,0x00000000d6e80000,0x00000000d6e80000)
  from space 4096K, 99% used [0x00000000d7280000,0x00000000d767d920,0x00000000d7680000)
  to   space 4096K, 0% used [0x00000000d6e80000,0x00000000d6e80000,0x00000000d7280000)
 ParOldGen       total 68608K, used 1161K [0x0000000080000000, 0x0000000084300000, 0x00000000d5580000)
  object space 68608K, 1% used [0x0000000080000000,0x0000000080122788,0x0000000084300000)
 Metaspace       used 13096K, committed 13632K, reserved 1114112K
  class space    used 1383K, committed 1664K, reserved 1048576K
}
Event: 7.549 GC heap after
{Heap after GC invocations=3 (full 0):
 PSYoungGen      total 29696K, used 4080K [0x00000000d5580000, 0x00000000d7680000, 0x0000000100000000)
  eden space 25600K, 0% used [0x00000000d5580000,0x00000000d5580000,0x00000000d6e80000)
  from space 4096K, 99% used [0x00000000d6e80000,0x00000000d727c190,0x00000000d7280000)
  to   space 4096K, 0% used [0x00000000d7280000,0x00000000d7280000,0x00000000d7680000)
 ParOldGen       total 68608K, used 2861K [0x0000000080000000, 0x0000000084300000, 0x00000000d5580000)
  object space 68608K, 4% used [0x0000000080000000,0x00000000802cb6b0,0x0000000084300000)
 Metaspace       used 13096K, committed 13632K, reserved 1114112K
  class space    used 1383K, committed 1664K, reserved 1048576K
}
Event: 8.819 GC heap before
{Heap before GC invocations=4 (full 0):
 PSYoungGen      total 29696K, used 29680K [0x00000000d5580000, 0x00000000d7680000, 0x0000000100000000)
  eden space 25600K, 100% used [0x00000000d5580000,0x00000000d6e80000,0x00000000d6e80000)
  from space 4096K, 99% used [0x00000000d6e80000,0x00000000d727c190,0x00000000d7280000)
  to   space 4096K, 0% used [0x00000000d7280000,0x00000000d7280000,0x00000000d7680000)
 ParOldGen       total 68608K, used 2861K [0x0000000080000000, 0x0000000084300000, 0x00000000d5580000)
  object space 68608K, 4% used [0x0000000080000000,0x00000000802cb6b0,0x0000000084300000)
 Metaspace       used 16023K, committed 16576K, reserved 1114112K
  class space    used 1659K, committed 1920K, reserved 1048576K
}
Event: 8.826 GC heap after
{Heap after GC invocations=4 (full 0):
 PSYoungGen      total 29696K, used 4064K [0x00000000d5580000, 0x00000000d7680000, 0x0000000100000000)
  eden space 25600K, 0% used [0x00000000d5580000,0x00000000d5580000,0x00000000d6e80000)
  from space 4096K, 99% used [0x00000000d7280000,0x00000000d7678020,0x00000000d7680000)
  to   space 4096K, 0% used [0x00000000d6e80000,0x00000000d6e80000,0x00000000d7280000)
 ParOldGen       total 68608K, used 5807K [0x0000000080000000, 0x0000000084300000, 0x00000000d5580000)
  object space 68608K, 8% used [0x0000000080000000,0x00000000805abf98,0x0000000084300000)
 Metaspace       used 16023K, committed 16576K, reserved 1114112K
  class space    used 1659K, committed 1920K, reserved 1048576K
}
Event: 9.392 GC heap before
{Heap before GC invocations=5 (full 0):
 PSYoungGen      total 29696K, used 29616K [0x00000000d5580000, 0x00000000d7680000, 0x0000000100000000)
  eden space 25600K, 99% used [0x00000000d5580000,0x00000000d6e74060,0x00000000d6e80000)
  from space 4096K, 99% used [0x00000000d7280000,0x00000000d7678020,0x00000000d7680000)
  to   space 4096K, 0% used [0x00000000d6e80000,0x00000000d6e80000,0x00000000d7280000)
 ParOldGen       total 68608K, used 5807K [0x0000000080000000, 0x0000000084300000, 0x00000000d5580000)
  object space 68608K, 8% used [0x0000000080000000,0x00000000805abf98,0x0000000084300000)
 Metaspace       used 20216K, committed 20800K, reserved 1114112K
  class space    used 1964K, committed 2240K, reserved 1048576K
}
Event: 9.398 GC heap after
{Heap after GC invocations=5 (full 0):
 PSYoungGen      total 29184K, used 4092K [0x00000000d5580000, 0x00000000d7900000, 0x0000000100000000)
  eden space 25088K, 0% used [0x00000000d5580000,0x00000000d5580000,0x00000000d6e00000)
  from space 4096K, 99% used [0x00000000d6e80000,0x00000000d727f0c0,0x00000000d7280000)
  to   space 5632K, 0% used [0x00000000d7380000,0x00000000d7380000,0x00000000d7900000)
 ParOldGen       total 68608K, used 6185K [0x0000000080000000, 0x0000000084300000, 0x00000000d5580000)
  object space 68608K, 9% used [0x0000000080000000,0x000000008060a450,0x0000000084300000)
 Metaspace       used 20216K, committed 20800K, reserved 1114112K
  class space    used 1964K, committed 2240K, reserved 1048576K
}
Event: 9.695 GC heap before
{Heap before GC invocations=6 (full 0):
 PSYoungGen      total 29184K, used 22327K [0x00000000d5580000, 0x00000000d7900000, 0x0000000100000000)
  eden space 25088K, 72% used [0x00000000d5580000,0x00000000d674ed08,0x00000000d6e00000)
  from space 4096K, 99% used [0x00000000d6e80000,0x00000000d727f0c0,0x00000000d7280000)
  to   space 5632K, 0% used [0x00000000d7380000,0x00000000d7380000,0x00000000d7900000)
 ParOldGen       total 68608K, used 6185K [0x0000000080000000, 0x0000000084300000, 0x00000000d5580000)
  object space 68608K, 9% used [0x0000000080000000,0x000000008060a450,0x0000000084300000)
 Metaspace       used 20874K, committed 21504K, reserved 1114112K
  class space    used 1996K, committed 2304K, reserved 1048576K
}
Event: 9.704 GC heap after
{Heap after GC invocations=6 (full 0):
 PSYoungGen      total 30208K, used 5468K [0x00000000d5580000, 0x00000000d7a00000, 0x0000000100000000)
  eden space 24576K, 0% used [0x00000000d5580000,0x00000000d5580000,0x00000000d6d80000)
  from space 5632K, 97% used [0x00000000d7380000,0x00000000d78d7198,0x00000000d7900000)
  to   space 6144K, 0% used [0x00000000d6d80000,0x00000000d6d80000,0x00000000d7380000)
 ParOldGen       total 68608K, used 6974K [0x0000000080000000, 0x0000000084300000, 0x00000000d5580000)
  object space 68608K, 10% used [0x0000000080000000,0x00000000806cf960,0x0000000084300000)
 Metaspace       used 20874K, committed 21504K, reserved 1114112K
  class space    used 1996K, committed 2304K, reserved 1048576K
}
Event: 9.704 GC heap before
{Heap before GC invocations=7 (full 1):
 PSYoungGen      total 30208K, used 5468K [0x00000000d5580000, 0x00000000d7a00000, 0x0000000100000000)
  eden space 24576K, 0% used [0x00000000d5580000,0x00000000d5580000,0x00000000d6d80000)
  from space 5632K, 97% used [0x00000000d7380000,0x00000000d78d7198,0x00000000d7900000)
  to   space 6144K, 0% used [0x00000000d6d80000,0x00000000d6d80000,0x00000000d7380000)
 ParOldGen       total 68608K, used 6974K [0x0000000080000000, 0x0000000084300000, 0x00000000d5580000)
  object space 68608K, 10% used [0x0000000080000000,0x00000000806cf960,0x0000000084300000)
 Metaspace       used 20874K, committed 21504K, reserved 1114112K
  class space    used 1996K, committed 2304K, reserved 1048576K
}
Event: 9.748 GC heap after
{Heap after GC invocations=7 (full 1):
 PSYoungGen      total 30208K, used 0K [0x00000000d5580000, 0x00000000d7a00000, 0x0000000100000000)
  eden space 24576K, 0% used [0x00000000d5580000,0x00000000d5580000,0x00000000d6d80000)
  from space 5632K, 0% used [0x00000000d7380000,0x00000000d7380000,0x00000000d7900000)
  to   space 6144K, 0% used [0x00000000d6d80000,0x00000000d6d80000,0x00000000d7380000)
 ParOldGen       total 68608K, used 10327K [0x0000000080000000, 0x0000000084300000, 0x00000000d5580000)
  object space 68608K, 15% used [0x0000000080000000,0x0000000080a15df0,0x0000000084300000)
 Metaspace       used 20861K, committed 21504K, reserved 1114112K
  class space    used 1993K, committed 2304K, reserved 1048576K
}
Event: 11.384 GC heap before
{Heap before GC invocations=8 (full 1):
 PSYoungGen      total 30208K, used 24576K [0x00000000d5580000, 0x00000000d7a00000, 0x0000000100000000)
  eden space 24576K, 100% used [0x00000000d5580000,0x00000000d6d80000,0x00000000d6d80000)
  from space 5632K, 0% used [0x00000000d7380000,0x00000000d7380000,0x00000000d7900000)
  to   space 6144K, 0% used [0x00000000d6d80000,0x00000000d6d80000,0x00000000d7380000)
 ParOldGen       total 68608K, used 10327K [0x0000000080000000, 0x0000000084300000, 0x00000000d5580000)
  object space 68608K, 15% used [0x0000000080000000,0x0000000080a15df0,0x0000000084300000)
 Metaspace       used 24931K, committed 25600K, reserved 1114112K
  class space    used 2429K, committed 2752K, reserved 1048576K
}
Event: 11.390 GC heap after
{Heap after GC invocations=8 (full 1):
 PSYoungGen      total 26624K, used 2123K [0x00000000d5580000, 0x00000000d7400000, 0x0000000100000000)
  eden space 24064K, 0% used [0x00000000d5580000,0x00000000d5580000,0x00000000d6d00000)
  from space 2560K, 82% used [0x00000000d6d80000,0x00000000d6f92ef8,0x00000000d7000000)
  to   space 3584K, 0% used [0x00000000d7080000,0x00000000d7080000,0x00000000d7400000)
 ParOldGen       total 68608K, used 10335K [0x0000000080000000, 0x0000000084300000, 0x00000000d5580000)
  object space 68608K, 15% used [0x0000000080000000,0x0000000080a17df0,0x0000000084300000)
 Metaspace       used 24931K, committed 25600K, reserved 1114112K
  class space    used 2429K, committed 2752K, reserved 1048576K
}
Event: 12.735 GC heap before
{Heap before GC invocations=9 (full 1):
 PSYoungGen      total 26624K, used 26187K [0x00000000d5580000, 0x00000000d7400000, 0x0000000100000000)
  eden space 24064K, 100% used [0x00000000d5580000,0x00000000d6d00000,0x00000000d6d00000)
  from space 2560K, 82% used [0x00000000d6d80000,0x00000000d6f92ef8,0x00000000d7000000)
  to   space 3584K, 0% used [0x00000000d7080000,0x00000000d7080000,0x00000000d7400000)
 ParOldGen       total 68608K, used 10335K [0x0000000080000000, 0x0000000084300000, 0x00000000d5580000)
  object space 68608K, 15% used [0x0000000080000000,0x0000000080a17df0,0x0000000084300000)
 Metaspace       used 27771K, committed 28544K, reserved 1114112K
  class space    used 2782K, committed 3136K, reserved 1048576K
}
Event: 12.740 GC heap after
{Heap after GC invocations=9 (full 1):
 PSYoungGen      total 27136K, used 3325K [0x00000000d5580000, 0x00000000d7400000, 0x0000000100000000)
  eden space 23552K, 0% used [0x00000000d5580000,0x00000000d5580000,0x00000000d6c80000)
  from space 3584K, 92% used [0x00000000d7080000,0x00000000d73bf660,0x00000000d7400000)
  to   space 3584K, 0% used [0x00000000d6d00000,0x00000000d6d00000,0x00000000d7080000)
 ParOldGen       total 68608K, used 10343K [0x0000000080000000, 0x0000000084300000, 0x00000000d5580000)
  object space 68608K, 15% used [0x0000000080000000,0x0000000080a19df0,0x0000000084300000)
 Metaspace       used 27771K, committed 28544K, reserved 1114112K
  class space    used 2782K, committed 3136K, reserved 1048576K
}

Dll operation events (10 events):
Event: 0.027 Loaded shared library c:\Users\singh\.vscode\extensions\redhat.java-1.53.0-win32-x64\jre\21.0.10-win32-x86_64\bin\java.dll
Event: 0.249 Loaded shared library c:\Users\singh\.vscode\extensions\redhat.java-1.53.0-win32-x64\jre\21.0.10-win32-x86_64\bin\zip.dll
Event: 0.310 Loaded shared library C:\Users\singh\.vscode\extensions\redhat.java-1.53.0-win32-x64\jre\21.0.10-win32-x86_64\bin\instrument.dll
Event: 0.324 Loaded shared library C:\Users\singh\.vscode\extensions\redhat.java-1.53.0-win32-x64\jre\21.0.10-win32-x86_64\bin\net.dll
Event: 0.330 Loaded shared library C:\Users\singh\.vscode\extensions\redhat.java-1.53.0-win32-x64\jre\21.0.10-win32-x86_64\bin\nio.dll
Event: 0.341 Loaded shared library C:\Users\singh\.vscode\extensions\redhat.java-1.53.0-win32-x64\jre\21.0.10-win32-x86_64\bin\zip.dll
Event: 0.386 Loaded shared library C:\Users\singh\.vscode\extensions\redhat.java-1.53.0-win32-x64\jre\21.0.10-win32-x86_64\bin\jimage.dll
Event: 0.583 Loaded shared library c:\Users\singh\.vscode\extensions\redhat.java-1.53.0-win32-x64\jre\21.0.10-win32-x86_64\bin\verify.dll
Event: 4.265 Loaded shared library C:\Users\singh\AppData\Roaming\Code\User\globalStorage\redhat.java\1.53.0\config_ss_win\org.eclipse.equinox.launcher\org.eclipse.equinox.launcher.win32.win32.x86_64_1.3.0.v20260203-2149\eclipse_11919.dll
Event: 11.135 Loaded shared library C:\Users\singh\AppData\Local\Temp\jna-109441977\jna9605935817552475716.dll

Deoptimization events (20 events):
Event: 12.009 Thread 0x000001bb64e3d750 Uncommon trap: trap_request=0xffffff45 fr.pc=0x000001bb6fc362b4 relative=0x00000000000009b4
Event: 12.009 Thread 0x000001bb64e3d750 Uncommon trap: reason=unstable_if action=reinterpret pc=0x000001bb6fc362b4 method=java.util.regex.Pattern$BmpCharPropertyGreedy.match(Ljava/util/regex/Matcher;ILjava/lang/CharSequence;)Z @ 12 c2
Event: 12.009 Thread 0x000001bb64e3d750 DEOPT PACKING pc=0x000001bb6fc362b4 sp=0x00000060c52fda50
Event: 12.009 Thread 0x000001bb64e3d750 DEOPT UNPACKING pc=0x000001bb6f5c3aa2 sp=0x00000060c52fd918 mode 2
Event: 12.011 Thread 0x000001bb64e3d750 Uncommon trap: trap_request=0xffffff76 fr.pc=0x000001bb6fc5af0c relative=0x000000000000094c
Event: 12.011 Thread 0x000001bb64e3d750 Uncommon trap: reason=predicate action=maybe_recompile pc=0x000001bb6fc5af0c method=java.util.TreeMap.put(Ljava/lang/Object;Ljava/lang/Object;Z)Ljava/lang/Object; @ 27 c2
Event: 12.011 Thread 0x000001bb64e3d750 DEOPT PACKING pc=0x000001bb6fc5af0c sp=0x00000060c52fdd20
Event: 12.011 Thread 0x000001bb64e3d750 DEOPT UNPACKING pc=0x000001bb6f5c3aa2 sp=0x00000060c52fdce0 mode 2
Event: 12.083 Thread 0x000001bb64e3d750 Uncommon trap: trap_request=0xffffff45 fr.pc=0x000001bb6fb45cc4 relative=0x00000000000002a4
Event: 12.083 Thread 0x000001bb64e3d750 Uncommon trap: reason=unstable_if action=reinterpret pc=0x000001bb6fb45cc4 method=java.util.HashMap$HashIterator.<init>(Ljava/util/HashMap;)V @ 45 c2
Event: 12.083 Thread 0x000001bb64e3d750 DEOPT PACKING pc=0x000001bb6fb45cc4 sp=0x00000060c52fe1e0
Event: 12.083 Thread 0x000001bb64e3d750 DEOPT UNPACKING pc=0x000001bb6f5c3aa2 sp=0x00000060c52fe178 mode 2
Event: 12.539 Thread 0x000001bb453f0d60 Uncommon trap: trap_request=0xffffff45 fr.pc=0x000001bb6fc21df8 relative=0x0000000000000af8
Event: 12.539 Thread 0x000001bb453f0d60 Uncommon trap: reason=unstable_if action=reinterpret pc=0x000001bb6fc21df8 method=java.util.concurrent.ConcurrentHashMap.transfer([Ljava/util/concurrent/ConcurrentHashMap$Node;[Ljava/util/concurrent/ConcurrentHashMap$Node;)V @ 26 c2
Event: 12.539 Thread 0x000001bb453f0d60 DEOPT PACKING pc=0x000001bb6fc21df8 sp=0x00000060c83fd6f0
Event: 12.539 Thread 0x000001bb453f0d60 DEOPT UNPACKING pc=0x000001bb6f5c3aa2 sp=0x00000060c83fd660 mode 2
Event: 12.607 Thread 0x000001bb453f0d60 Uncommon trap: trap_request=0xffffffde fr.pc=0x000001bb6fc122f0 relative=0x0000000000000050
Event: 12.607 Thread 0x000001bb453f0d60 Uncommon trap: reason=class_check action=maybe_recompile pc=0x000001bb6fc122f0 method=java.lang.invoke.DirectMethodHandle.internalMemberName(Ljava/lang/Object;)Ljava/lang/Object; @ 1 c2
Event: 12.607 Thread 0x000001bb453f0d60 DEOPT PACKING pc=0x000001bb6fc122f0 sp=0x00000060c83fe5c0
Event: 12.608 Thread 0x000001bb453f0d60 DEOPT UNPACKING pc=0x000001bb6f5c3aa2 sp=0x00000060c83fe550 mode 2

Classes loaded (20 events):
Event: 12.000 Loading class sun/util/locale/provider/BaseLocaleDataMetaInfo
Event: 12.000 Loading class sun/util/locale/provider/BaseLocaleDataMetaInfo done
Event: 12.009 Loading class sun/util/locale/provider/CalendarNameProviderImpl$LengthBasedComparator
Event: 12.010 Loading class sun/util/locale/provider/CalendarNameProviderImpl$LengthBasedComparator done
Event: 12.074 Loading class java/io/PrintWriter$1
Event: 12.074 Loading class jdk/internal/access/JavaIOPrintWriterAccess
Event: 12.074 Loading class jdk/internal/access/JavaIOPrintWriterAccess done
Event: 12.074 Loading class java/io/PrintWriter$1 done
Event: 12.077 Loading class java/time/format/DateTimeParseContext
Event: 12.078 Loading class java/time/format/DateTimeParseContext done
Event: 12.078 Loading class java/time/format/Parsed
Event: 12.079 Loading class java/time/format/Parsed done
Event: 12.250 Loading class sun/reflect/generics/repository/FieldRepository
Event: 12.251 Loading class sun/reflect/generics/repository/FieldRepository done
Event: 12.280 Loading class jdk/internal/reflect/MethodHandleIntegerFieldAccessorImpl
Event: 12.281 Loading class jdk/internal/reflect/MethodHandleIntegerFieldAccessorImpl done
Event: 12.582 Loading class java/io/InvalidObjectException
Event: 12.582 Loading class java/io/ObjectStreamException
Event: 12.582 Loading class java/io/ObjectStreamException done
Event: 12.582 Loading class java/io/InvalidObjectException done

Classes unloaded (7 events):
Event: 9.709 Thread 0x000001bb64dd4520 Unloading class 0x000001bb01194c00 'java/lang/invoke/LambdaForm$MH+0x000001bb01194c00'
Event: 9.709 Thread 0x000001bb64dd4520 Unloading class 0x000001bb01194800 'java/lang/invoke/LambdaForm$MH+0x000001bb01194800'
Event: 9.709 Thread 0x000001bb64dd4520 Unloading class 0x000001bb01194400 'java/lang/invoke/LambdaForm$MH+0x000001bb01194400'
Event: 9.709 Thread 0x000001bb64dd4520 Unloading class 0x000001bb01194000 'java/lang/invoke/LambdaForm$MH+0x000001bb01194000'
Event: 9.709 Thread 0x000001bb64dd4520 Unloading class 0x000001bb01193c00 'java/lang/invoke/LambdaForm$BMH+0x000001bb01193c00'
Event: 9.709 Thread 0x000001bb64dd4520 Unloading class 0x000001bb01193800 'java/lang/invoke/LambdaForm$DMH+0x000001bb01193800'
Event: 9.709 Thread 0x000001bb64dd4520 Unloading class 0x000001bb01192400 'java/lang/invoke/LambdaForm$DMH+0x000001bb01192400'

Classes redefined (0 events):
No events

Internal exceptions (20 events):
Event: 11.256 Thread 0x000001bb64ef9eb0 Exception <a 'java/lang/NoSuchMethodError'{0x00000000d6861e18}: 'void java.lang.invoke.DelegatingMethodHandle$Holder.reinvoke_L(java.lang.Object, java.lang.Object, int)'> (0x00000000d6861e18) 
thrown [s\src\hotspot\share\interpreter\linkResolver.cpp, line 773]
Event: 11.257 Thread 0x000001bb64ef9eb0 Exception <a 'java/lang/NoSuchMethodError'{0x00000000d6868850}: 'int java.lang.invoke.Invokers$Holder.invokeExact_MT(java.lang.Object, java.lang.Object, java.lang.Object)'> (0x00000000d6868850) 
thrown [s\src\hotspot\share\interpreter\linkResolver.cpp, line 773]
Event: 11.262 Thread 0x000001bb64ef9eb0 Exception <a 'java/lang/UnsatisfiedLinkError'{0x00000000d687c468}: The specified procedure could not be found.
> (0x00000000d687c468) 
thrown [s\src\hotspot\share\prims\jni.cpp, line 539]
Event: 11.271 Thread 0x000001bb64ef9eb0 Exception <a 'java/lang/NoSuchMethodError'{0x00000000d6888940}: 'void java.lang.invoke.Invokers$Holder.invokeExact_MT(java.lang.Object, java.lang.Object, int, java.lang.Object)'> (0x00000000d6888940) 
thrown [s\src\hotspot\share\interpreter\linkResolver.cpp, line 773]
Event: 11.355 Thread 0x000001bb64e3d750 Exception <a 'java/lang/NoSuchMethodError'{0x00000000d6c0af10}: 'java.lang.Object java.lang.invoke.DirectMethodHandle$Holder.invokeStatic(java.lang.Object, long, java.lang.Object)'> (0x00000000d6c0af10) 
thrown [s\src\hotspot\share\interpreter\linkResolver.cpp, line 773]
Event: 11.356 Thread 0x000001bb64e3d750 Exception <a 'java/lang/NoSuchMethodError'{0x00000000d6c0e5a8}: 'java.lang.Object java.lang.invoke.DirectMethodHandle$Holder.invokeStaticInit(java.lang.Object, long, java.lang.Object)'> (0x00000000d6c0e5a8) 
thrown [s\src\hotspot\share\interpreter\linkResolver.cpp, line 773]
Event: 11.358 Thread 0x000001bb64e3d750 Exception <a 'java/lang/NoSuchMethodError'{0x00000000d6c14300}: 'java.lang.Object java.lang.invoke.DirectMethodHandle$Holder.newInvokeSpecial(java.lang.Object, long)'> (0x00000000d6c14300) 
thrown [s\src\hotspot\share\interpreter\linkResolver.cpp, line 773]
Event: 11.427 Thread 0x000001bb7e6677c0 Exception <a 'java/io/FileNotFoundException'{0x00000000d57806a0}> (0x00000000d57806a0) 
thrown [s\src\hotspot\share\prims\jni.cpp, line 520]
Event: 11.428 Thread 0x000001bb7e6677c0 Exception <a 'java/io/FileNotFoundException'{0x00000000d5781c50}> (0x00000000d5781c50) 
thrown [s\src\hotspot\share\prims\jni.cpp, line 520]
Event: 11.431 Thread 0x000001bb7e6677c0 Exception <a 'java/lang/NoSuchMethodError'{0x00000000d57a6010}: 'java.lang.Object java.lang.invoke.DirectMethodHandle$Holder.newInvokeSpecial(java.lang.Object, java.lang.Object, java.lang.Object, int)'> (0x00000000d57a6010) 
thrown [s\src\hotspot\share\interpreter\linkResolver.cpp, line 773]
Event: 11.432 Thread 0x000001bb7e6677c0 Exception <a 'java/lang/NoSuchMethodError'{0x00000000d57a9f18}: 'java.lang.Object java.lang.invoke.DirectMethodHandle$Holder.invokeSpecial(java.lang.Object, java.lang.Object, java.lang.Object, java.lang.Object, int)'> (0x00000000d57a9f18) 
thrown [s\src\hotspot\share\interpreter\linkResolver.cpp, line 773]
Event: 11.433 Thread 0x000001bb7e6677c0 Exception <a 'java/lang/NoSuchMethodError'{0x00000000d57ad3c0}: 'java.lang.Object java.lang.invoke.Invokers$Holder.linkToTargetMethod(java.lang.Object, java.lang.Object, int, java.lang.Object)'> (0x00000000d57ad3c0) 
thrown [s\src\hotspot\share\interpreter\linkResolver.cpp, line 773]
Event: 11.439 Thread 0x000001bb7e6677c0 Exception <a 'java/lang/NoSuchMethodError'{0x00000000d57b8cb0}: 'void java.lang.invoke.DirectMethodHandle$Holder.invokeStaticInit(java.lang.Object, java.lang.Object, java.lang.Object)'> (0x00000000d57b8cb0) 
thrown [s\src\hotspot\share\interpreter\linkResolver.cpp, line 773]
Event: 11.448 Thread 0x000001bb7e6677c0 Exception <a 'java/io/FileNotFoundException'{0x00000000d57c6568}> (0x00000000d57c6568) 
thrown [s\src\hotspot\share\prims\jni.cpp, line 520]
Event: 11.448 Thread 0x000001bb7e6677c0 Exception <a 'java/io/FileNotFoundException'{0x00000000d57c72b8}> (0x00000000d57c72b8) 
thrown [s\src\hotspot\share\prims\jni.cpp, line 520]
Event: 11.932 Thread 0x000001bb64e3d750 Exception <a 'java/lang/NoSuchMethodError'{0x00000000d621bae8}: 'void java.lang.invoke.DirectMethodHandle$Holder.invokeSpecial(java.lang.Object, java.lang.Object, java.lang.Object, java.lang.Object, java.lang.Object, java.lang.Object)'> (0x00000000d621bae8) 
thrown [s\src\hotspot\share\interpreter\linkResolver.cpp, line 773]
Event: 11.935 Thread 0x000001bb64e3d750 Exception <a 'java/lang/IncompatibleClassChangeError'{0x00000000d6223d88}: Found class java.lang.Object, but interface was expected> (0x00000000d6223d88) 
thrown [s\src\hotspot\share\interpreter\linkResolver.cpp, line 840]
Event: 11.939 Thread 0x000001bb64e3d750 Exception <a 'java/lang/IncompatibleClassChangeError'{0x00000000d6225c48}: Found class java.lang.Object, but interface was expected> (0x00000000d6225c48) 
thrown [s\src\hotspot\share\interpreter\linkResolver.cpp, line 840]
Event: 12.605 Thread 0x000001bb453f0d60 Exception <a 'java/lang/NoSuchMethodError'{0x00000000d67d4d58}: 'java.lang.Object java.lang.invoke.DirectMethodHandle$Holder.invokeInterface(java.lang.Object, java.lang.Object, java.lang.Object)'> (0x00000000d67d4d58) 
thrown [s\src\hotspot\share\interpreter\linkResolver.cpp, line 773]
Event: 12.689 Thread 0x000001bb453f0d60 Exception <a 'java/io/FileNotFoundException'{0x00000000d6878908}> (0x00000000d6878908) 
thrown [s\src\hotspot\share\prims\jni.cpp, line 520]

ZGC Phase Switch (0 events):
No events

VM Operations (20 events):
Event: 9.942 Executing non-safepoint VM operation: HandshakeAllThreads (Deoptimize)
Event: 9.942 Executing non-safepoint VM operation: HandshakeAllThreads (Deoptimize) done
Event: 10.066 Executing non-safepoint VM operation: HandshakeAllThreads (Deoptimize)
Event: 10.066 Executing non-safepoint VM operation: HandshakeAllThreads (Deoptimize) done
Event: 10.692 Executing non-safepoint VM operation: HandshakeAllThreads (Deoptimize)
Event: 10.693 Executing non-safepoint VM operation: HandshakeAllThreads (Deoptimize) done
Event: 10.834 Executing non-safepoint VM operation: HandshakeAllThreads (Deoptimize)
Event: 10.834 Executing non-safepoint VM operation: HandshakeAllThreads (Deoptimize) done
Event: 10.834 Executing safepoint VM operation: Cleanup
Event: 10.834 Executing safepoint VM operation: Cleanup done
Event: 11.171 Executing non-safepoint VM operation: HandshakeAllThreads (Deoptimize)
Event: 11.171 Executing non-safepoint VM operation: HandshakeAllThreads (Deoptimize) done
Event: 11.383 Executing safepoint VM operation: ParallelGCFailedAllocation (Allocation Failure)
Event: 11.390 Executing safepoint VM operation: ParallelGCFailedAllocation (Allocation Failure) done
Event: 12.396 Executing safepoint VM operation: Cleanup
Event: 12.397 Executing safepoint VM operation: Cleanup done
Event: 12.633 Executing non-safepoint VM operation: HandshakeAllThreads (Deoptimize)
Event: 12.633 Executing non-safepoint VM operation: HandshakeAllThreads (Deoptimize) done
Event: 12.735 Executing safepoint VM operation: ParallelGCFailedAllocation (Allocation Failure)
Event: 12.740 Executing safepoint VM operation: ParallelGCFailedAllocation (Allocation Failure) done

Memory protections (0 events):
No events

Nmethod flushes (0 events):
No events

Events (20 events):
Event: 11.382 Thread 0x000001bb64e3d750 Thread added: 0x000001bb7e6656f0
Event: 11.382 Thread 0x000001bb64e3d750 Thread added: 0x000001bb7e6684e0
Event: 11.382 Thread 0x000001bb64e3d750 Thread added: 0x000001bb7e667130
Event: 11.382 Thread 0x000001bb64e3d750 Thread added: 0x000001bb7e665060
Event: 11.383 Thread 0x000001bb64e3d750 Thread added: 0x000001bb7e668b70
Event: 11.383 Thread 0x000001bb64e3d750 Thread added: 0x000001bb7e669200
Event: 11.383 Thread 0x000001bb64e3d750 Thread added: 0x000001bb7e665d80
Event: 11.383 Thread 0x000001bb64e3d750 Thread added: 0x000001bb7e66b2d0
Event: 11.383 Thread 0x000001bb64e3d750 Thread added: 0x000001bb7e669f20
Event: 11.390 Thread 0x000001bb64e3d750 Thread added: 0x000001bb7e66bff0
Event: 11.391 Thread 0x000001bb64e3d750 Thread added: 0x000001bb7e669890
Event: 11.391 Thread 0x000001bb64e3d750 Thread added: 0x000001bb7e66a5b0
Event: 11.428 Thread 0x000001bb7e667e50 Thread added: 0x000001bb7e66ac40
Event: 11.453 Thread 0x000001bb64e3d750 Thread added: 0x000001bb7e66b960
Event: 11.924 Thread 0x000001bb7cc8ec40 Thread exited: 0x000001bb7cc8ec40
Event: 11.984 Thread 0x000001bb64e3d750 Thread added: 0x000001bb7e66c680
Event: 11.985 Thread 0x000001bb64e3d750 Thread added: 0x000001bb453f0d60
Event: 12.188 Thread 0x000001bb7cb7b550 Thread added: 0x000001bb7dcf28c0
Event: 12.298 Thread 0x000001bb7dcf28c0 Thread exited: 0x000001bb7dcf28c0
Event: 12.548 Thread 0x000001bb7cb7b550 Thread added: 0x000001bb7eef53b0


Dynamic libraries:
0x00007ff6c4ec0000 - 0x00007ff6c4ece000 	c:\Users\singh\.vscode\extensions\redhat.java-1.53.0-win32-x64\jre\21.0.10-win32-x86_64\bin\java.exe
0x00007ffed46a0000 - 0x00007ffed4907000 	C:\WINDOWS\SYSTEM32\ntdll.dll
0x00007ffed2bb0000 - 0x00007ffed2c79000 	C:\WINDOWS\System32\KERNEL32.DLL
0x00007ffed1e40000 - 0x00007ffed2231000 	C:\WINDOWS\System32\KERNELBASE.dll
0x00007ffed1250000 - 0x00007ffed139b000 	C:\WINDOWS\System32\ucrtbase.dll
0x00007ffebb5e0000 - 0x00007ffebb5f8000 	c:\Users\singh\.vscode\extensions\redhat.java-1.53.0-win32-x64\jre\21.0.10-win32-x86_64\bin\jli.dll
0x00007ffed2d40000 - 0x00007ffed2f05000 	C:\WINDOWS\System32\USER32.dll
0x00007ffed1220000 - 0x00007ffed1247000 	C:\WINDOWS\System32\win32u.dll
0x00007ffed4500000 - 0x00007ffed452b000 	C:\WINDOWS\System32\GDI32.dll
0x00007ffed0f80000 - 0x00007ffed10aa000 	C:\WINDOWS\System32\gdi32full.dll
0x00007ffed2240000 - 0x00007ffed22e3000 	C:\WINDOWS\System32\msvcp_win.dll
0x00007ffebb600000 - 0x00007ffebb61e000 	c:\Users\singh\.vscode\extensions\redhat.java-1.53.0-win32-x64\jre\21.0.10-win32-x86_64\bin\VCRUNTIME140.dll
0x00007ffebf5e0000 - 0x00007ffebf873000 	C:\WINDOWS\WinSxS\amd64_microsoft.windows.common-controls_6595b64144ccf1df_6.0.26100.7922_none_3e089e1ee3342171\COMCTL32.dll
0x00007ffed3fe0000 - 0x00007ffed4089000 	C:\WINDOWS\System32\msvcrt.dll
0x00007ffed4620000 - 0x00007ffed4651000 	C:\WINDOWS\System32\IMM32.DLL
0x00007ffec29b0000 - 0x00007ffec29bc000 	c:\Users\singh\.vscode\extensions\redhat.java-1.53.0-win32-x64\jre\21.0.10-win32-x86_64\bin\vcruntime140_1.dll
0x00007ffe7e4a0000 - 0x00007ffe7e52d000 	c:\Users\singh\.vscode\extensions\redhat.java-1.53.0-win32-x64\jre\21.0.10-win32-x86_64\bin\msvcp140.dll
0x00007ffe16500000 - 0x00007ffe172a1000 	c:\Users\singh\.vscode\extensions\redhat.java-1.53.0-win32-x64\jre\21.0.10-win32-x86_64\bin\server\jvm.dll
0x00007ffed3130000 - 0x00007ffed31eb000 	C:\WINDOWS\System32\ADVAPI32.dll
0x00007ffed3400000 - 0x00007ffed34a7000 	C:\WINDOWS\System32\sechost.dll
0x00007ffed4350000 - 0x00007ffed4468000 	C:\WINDOWS\System32\RPCRT4.dll
0x00007ffed36f0000 - 0x00007ffed3764000 	C:\WINDOWS\System32\WS2_32.dll
0x00007ffed0de0000 - 0x00007ffed0e3e000 	C:\WINDOWS\SYSTEM32\POWRPROF.dll
0x00007ffecb4c0000 - 0x00007ffecb4cb000 	C:\WINDOWS\SYSTEM32\VERSION.dll
0x00007ffecb480000 - 0x00007ffecb4b5000 	C:\WINDOWS\SYSTEM32\WINMM.dll
0x00007ffed0dc0000 - 0x00007ffed0dd4000 	C:\WINDOWS\SYSTEM32\UMPDC.dll
0x00007ffecfd10000 - 0x00007ffecfd2b000 	C:\WINDOWS\SYSTEM32\kernel.appcore.dll
0x00007ffebb5d0000 - 0x00007ffebb5da000 	c:\Users\singh\.vscode\extensions\redhat.java-1.53.0-win32-x64\jre\21.0.10-win32-x86_64\bin\jimage.dll
0x00007ffec5870000 - 0x00007ffec5ab2000 	C:\WINDOWS\SYSTEM32\DBGHELP.DLL
0x00007ffed3770000 - 0x00007ffed3af2000 	C:\WINDOWS\System32\combase.dll
0x00007ffed34b0000 - 0x00007ffed3587000 	C:\WINDOWS\System32\OLEAUT32.dll
0x00007ffebe6d0000 - 0x00007ffebe70b000 	C:\WINDOWS\SYSTEM32\dbgcore.DLL
0x00007ffed1520000 - 0x00007ffed15c5000 	C:\WINDOWS\System32\bcryptPrimitives.dll
0x00007ffebb5c0000 - 0x00007ffebb5cf000 	c:\Users\singh\.vscode\extensions\redhat.java-1.53.0-win32-x64\jre\21.0.10-win32-x86_64\bin\instrument.dll
0x00007ffebb4a0000 - 0x00007ffebb4c0000 	c:\Users\singh\.vscode\extensions\redhat.java-1.53.0-win32-x64\jre\21.0.10-win32-x86_64\bin\java.dll
0x00007ffed2440000 - 0x00007ffed2b9f000 	C:\WINDOWS\System32\SHELL32.dll
0x00007ffed10b0000 - 0x00007ffed121a000 	C:\WINDOWS\System32\wintypes.dll
0x00007ffed15d0000 - 0x00007ffed1e34000 	C:\WINDOWS\System32\windows.storage.dll
0x00007ffed4140000 - 0x00007ffed4237000 	C:\WINDOWS\System32\SHCORE.dll
0x00007ffed45b0000 - 0x00007ffed4617000 	C:\WINDOWS\System32\shlwapi.dll
0x00007ffed0ea0000 - 0x00007ffed0ec9000 	C:\WINDOWS\SYSTEM32\profapi.dll
0x00007ffe939b0000 - 0x00007ffe939c8000 	c:\Users\singh\.vscode\extensions\redhat.java-1.53.0-win32-x64\jre\21.0.10-win32-x86_64\bin\zip.dll
0x00007ffebb5b0000 - 0x00007ffebb5c0000 	C:\Users\singh\.vscode\extensions\redhat.java-1.53.0-win32-x64\jre\21.0.10-win32-x86_64\bin\net.dll
0x00007ffec8d50000 - 0x00007ffec8e77000 	C:\WINDOWS\SYSTEM32\WINHTTP.dll
0x00007ffed0280000 - 0x00007ffed02eb000 	C:\WINDOWS\system32\mswsock.dll
0x00007ffe93820000 - 0x00007ffe93836000 	C:\Users\singh\.vscode\extensions\redhat.java-1.53.0-win32-x64\jre\21.0.10-win32-x86_64\bin\nio.dll
0x00007ffebb440000 - 0x00007ffebb450000 	c:\Users\singh\.vscode\extensions\redhat.java-1.53.0-win32-x64\jre\21.0.10-win32-x86_64\bin\verify.dll
0x00007ffe95330000 - 0x00007ffe95375000 	C:\Users\singh\AppData\Roaming\Code\User\globalStorage\redhat.java\1.53.0\config_ss_win\org.eclipse.equinox.launcher\org.eclipse.equinox.launcher.win32.win32.x86_64_1.3.0.v20260203-2149\eclipse_11919.dll
0x00007ffed2f90000 - 0x00007ffed3125000 	C:\WINDOWS\System32\ole32.dll
0x00007ffed0560000 - 0x00007ffed057b000 	C:\WINDOWS\SYSTEM32\CRYPTSP.dll
0x00007ffecfc70000 - 0x00007ffecfca9000 	C:\WINDOWS\system32\rsaenh.dll
0x00007ffed0330000 - 0x00007ffed0362000 	C:\WINDOWS\SYSTEM32\USERENV.dll
0x00007ffed0e70000 - 0x00007ffed0e9a000 	C:\WINDOWS\SYSTEM32\bcrypt.dll
0x00007ffed0580000 - 0x00007ffed058c000 	C:\WINDOWS\SYSTEM32\CRYPTBASE.dll
0x00007ffecf6e0000 - 0x00007ffecf713000 	C:\WINDOWS\SYSTEM32\IPHLPAPI.DLL
0x00007ffed4340000 - 0x00007ffed434a000 	C:\WINDOWS\System32\NSI.dll
0x00007ffe842f0000 - 0x00007ffe84339000 	C:\Users\singh\AppData\Local\Temp\jna-109441977\jna9605935817552475716.dll
0x00007ffed3fd0000 - 0x00007ffed3fd8000 	C:\WINDOWS\System32\PSAPI.DLL
0x00007ffecbf20000 - 0x00007ffecbf3d000 	C:\WINDOWS\SYSTEM32\dhcpcsvc6.DLL
0x00007ffecba80000 - 0x00007ffecbaa3000 	C:\WINDOWS\SYSTEM32\dhcpcsvc.DLL

JVMTI agents:
c:\Users\singh\.vscode\extensions\redhat.java-1.53.0-win32-x64\lombok\lombok-1.18.39-4050.jar path:c:\Users\singh\.vscode\extensions\redhat.java-1.53.0-win32-x64\jre\21.0.10-win32-x86_64\bin\instrument.dll, loaded, initialized, instrumentlib options:none

dbghelp: loaded successfully - version: 4.0.5 - missing functions: none
symbol engine: initialized successfully - sym options: 0x614 - pdb path: .;c:\Users\singh\.vscode\extensions\redhat.java-1.53.0-win32-x64\jre\21.0.10-win32-x86_64\bin;C:\WINDOWS\SYSTEM32;C:\WINDOWS\WinSxS\amd64_microsoft.windows.common-controls_6595b64144ccf1df_6.0.26100.7922_none_3e089e1ee3342171;c:\Users\singh\.vscode\extensions\redhat.java-1.53.0-win32-x64\jre\21.0.10-win32-x86_64\bin\server;C:\Users\singh\AppData\Roaming\Code\User\globalStorage\redhat.java\1.53.0\config_ss_win\org.eclipse.equinox.launcher\org.eclipse.equinox.launcher.win32.win32.x86_64_1.3.0.v20260203-2149;C:\Users\singh\AppData\Local\Temp\jna-109441977

VM Arguments:
jvm_args: --add-modules=ALL-SYSTEM --add-opens=java.base/java.util=ALL-UNNAMED --add-opens=java.base/java.lang=ALL-UNNAMED --add-opens=java.base/sun.nio.fs=ALL-UNNAMED -Declipse.application=org.eclipse.jdt.ls.core.id1 -Dosgi.bundles.defaultStartLevel=4 -Declipse.product=org.eclipse.jdt.ls.core.product -Djava.import.generatesMetadataFilesAtProjectRoot=false -DDetectVMInstallationsJob.disabled=true -Dfile.encoding=utf8 -XX:+UseParallelGC -XX:GCTimeRatio=4 -XX:AdaptiveSizePolicyWeight=90 -Dsun.zip.disableMemoryMapping=true -Xmx2G -Xms100m -Xlog:disable -javaagent:c:\Users\singh\.vscode\extensions\redhat.java-1.53.0-win32-x64\lombok\lombok-1.18.39-4050.jar 
java_command: c:\Users\singh\.vscode\extensions\redhat.java-1.53.0-win32-x64\server\plugins\org.eclipse.equinox.launcher_1.7.100.v20251111-0406.jar -configuration c:\Users\singh\AppData\Roaming\Code\User\globalStorage\redhat.java\1.53.0\config_ss_win -data c:\Users\singh\AppData\Roaming\Code\User\workspaceStorage\a64002bac3565aca85a1f659bf064926\redhat.java\ss_ws --pipe=\\.\pipe\lsp-865878b20fa9802e8258df778086b2da-sock
java_class_path (initial): c:\Users\singh\.vscode\extensions\redhat.java-1.53.0-win32-x64\server\plugins\org.eclipse.equinox.launcher_1.7.100.v20251111-0406.jar
Launcher Type: SUN_STANDARD

[Global flags]
    uintx AdaptiveSizePolicyWeight                 = 90                                        {product} {command line}
     intx CICompilerCount                          = 4                                         {product} {ergonomic}
    uintx GCTimeRatio                              = 4                                         {product} {command line}
   size_t InitialHeapSize                          = 104857600                                 {product} {command line}
   size_t MaxHeapSize                              = 2147483648                                {product} {command line}
   size_t MaxNewSize                               = 715653120                                 {product} {ergonomic}
   size_t MinHeapDeltaBytes                        = 524288                                    {product} {ergonomic}
   size_t MinHeapSize                              = 104857600                                 {product} {command line}
   size_t NewSize                                  = 34603008                                  {product} {ergonomic}
    uintx NonNMethodCodeHeapSize                   = 5839372                                {pd product} {ergonomic}
    uintx NonProfiledCodeHeapSize                  = 122909434                              {pd product} {ergonomic}
   size_t OldSize                                  = 70254592                                  {product} {ergonomic}
    uintx ProfiledCodeHeapSize                     = 122909434                              {pd product} {ergonomic}
    uintx ReservedCodeCacheSize                    = 251658240                              {pd product} {ergonomic}
     bool SegmentedCodeCache                       = true                                      {product} {ergonomic}
   size_t SoftMaxHeapSize                          = 2147483648                             {manageable} {ergonomic}
     bool UseCompressedOops                        = true                           {product lp64_product} {ergonomic}
     bool UseLargePagesIndividualAllocation        = false                                  {pd product} {ergonomic}
     bool UseParallelGC                            = true                                      {product} {command line}

Logging:
Log output configuration:
 #0: stdout all=off uptime,level,tags foldmultilines=false
 #1: stderr all=off uptime,level,tags foldmultilines=false

Release file:
JAVA_VERSION="21.0.10" 
MODULES="java.base java.compiler java.datatransfer java.xml java.prefs java.desktop java.instrument java.logging java.management java.security.sasl java.naming java.rmi java.management.rmi java.net.http java.scripting java.security.jgss java.transaction.xa java.sql java.sql.rowset java.xml.crypto java.se java.smartcardio jdk.accessibility jdk.internal.jvmstat jdk.attach jdk.charsets jdk.internal.opt jdk.zipfs jdk.compiler jdk.crypto.ec jdk.crypto.cryptoki jdk.crypto.mscapi jdk.dynalink jdk.internal.ed jdk.editpad jdk.hotspot.agent jdk.httpserver jdk.internal.le jdk.internal.vm.ci jdk.internal.vm.compiler jdk.internal.vm.compiler.management jdk.jartool jdk.javadoc jdk.jcmd jdk.management jdk.management.agent jdk.jconsole jdk.jdeps jdk.jdwp.agent jdk.jdi jdk.jfr jdk.jshell jdk.jsobject jdk.jstatd jdk.localedata jdk.management.jfr jdk.naming.dns jdk.naming.rmi jdk.net jdk.nio.mapmode jdk.random jdk.sctp jdk.security.auth jdk.security.jgss jdk.unsupported jdk.unsupported.desktop jdk.xml.dom" 

Environment Variables:
JAVA_HOME=D:\Program Files\Eclipse Adoptium\jdk-17.0.16.8-hotspot
PATH=C:\Users\singh\AppData\Local\Programs\Microsoft VS Code;D:\Program Files\Eclipse Adoptium\jdk-17.0.16.8-hotspot\bin;D:\Program Files\Eclipse Adoptium\jdk-17.0.16.8-hotspot\bin;D:\Program Files\Eclipse Adoptium\jdk-17.0.16.8-hotspot\bin;C:\WINDOWS\System32;C:\Program Files\nodejs;D:\Sdk\platform-tools;C:\Windows\System32;D:\Program Files\Eclipse Adoptium\jdk-17.0.16.8-hotspot\bin;D:\Sdk\emulator;D:\Sdk\cmdline-tools\latest\bin;D:\Sdk;C:\Program Files\Git\cmd;C:\Program Files\Git\bin;;C:\WINDOWS\system32;C:\WINDOWS;C:\WINDOWS\System32\Wbem;C:\WINDOWS\System32\WindowsPowerShell\v1.0\;C:\WINDOWS\System32\OpenSSH\;C:\Program Files\nodejs;D:\Sdk\platform-tools;C:\Windows\System32;D:\Program Files\Eclipse Adoptium\jdk-17.0.16.8-hotspot\bin;D:\Sdk\emulator;D:\Sdk\cmdline-tools\latest\bin;D:\Sdk;C:\Program Files\Git\cmd;C:\Program Files\Git\bin;;C:\WINDOWS\system32;C:\WINDOWS;C:\WINDOWS\System32\Wbem;C:\WINDOWS\System32\WindowsPowerShell\v1.0\;C:\WINDOWS\System32\OpenSSH\;C:\Program Files\nodejs;D:\Sdk\platform-tools;C:\Windows\System32;D:\Program Files\Eclipse Adoptium\jdk-17.0.16.8-hotspot\bin;D:\Sdk\emulator;D:\Sdk\cmdline-tools\latest\bin;D:\Sdk;C:\Program Files\Git\cmd;C:\Program Files\Git\bin;;C:\WINDOWS\system32;C:\WINDOWS;C:\WINDOWS\System32\Wbem;C:\WINDOWS\System32\WindowsPowerShell\v1.0\;C:\WINDOWS\System32\OpenSSH\;C:\Users\singh\AppData\Local\Programs\Python\Python313\Scripts\;C:\Users\singh\AppData\Local\Programs\Python\Python313\;C:\Users\singh\AppData\Local\Microsoft\WindowsApps;C:\Users\singh\AppData\Local\Programs\Microsoft VS Code\bin;C:\msys64\mingw64\bin;C:\Users\singh\AppData\Local\Google\Cloud SDK\google-cloud-sdk\bin;C:\Users\singh\AppData\Roaming\npm;D:\Sdk;D:\Sdk\platform-tools;D:\Sdk\emulator;D:\Sdk\cmdline-tools\latest\bin;C:\Users\singh\AppData\Local\Programs\Antigravity\bin
USERNAME=singh
OS=Windows_NT
PROCESSOR_IDENTIFIER=AMD64 Family 23 Model 104 Stepping 1, AuthenticAMD
TMP=C:\Users\singh\AppData\Local\Temp
TEMP=C:\Users\singh\AppData\Local\Temp




Periodic native trim disabled

---------------  S Y S T E M  ---------------

OS:
 Windows 11 , 64 bit Build 26100 (10.0.26100.7920)
OS uptime: 0 days 12:02 hours
Hyper-V role detected

CPU: total 12 (initial active 12) (12 cores per cpu, 2 threads per core) family 23 model 104 stepping 1 microcode 0x8608109, cx8, cmov, fxsr, ht, mmx, 3dnowpref, sse, sse2, sse3, ssse3, sse4a, sse4.1, sse4.2, popcnt, lzcnt, tsc, tscinvbit, avx, avx2, aes, clmul, bmi1, bmi2, adx, sha, fma, vzeroupper, clflush, clflushopt, hv, rdtscp, rdpid, f16c
Processor Information for the first 12 processors :
  Max Mhz: 2100, Current Mhz: 1988, Mhz Limit: 2100

Memory: 4k page, system-wide physical 7528M (534M free)
TotalPageFile size 19119M (AvailPageFile size 31M)
current process WorkingSet (physical memory assigned to process): 163M, peak: 167M
current process commit charge ("private bytes"): 301M, peak: 305M

vm_info: OpenJDK 64-Bit Server VM (21.0.10+7-LTS) for windows-amd64 JRE (21.0.10+7-LTS), built on 2026-01-20T00:00:00Z by "admin" with MS VC++ 17.12 (VS2022)

END.
